{"@timestamp":"2025-08-11T19:45:22.955297006Z","level":"INFO","logger":"org.hibernate.validator.internal.util.Version","thread":"background-preinit","cid":"","msg":"HV000001: Hibernate Validator 8.0.1.Final"}
{"@timestamp":"2025-08-11T19:45:22.979265331Z","level":"INFO","logger":"com.secureapp.SecureAppApplication","thread":"main","cid":"","msg":"Starting SecureAppApplication using Java 21.0.8 with PID 224577 (/home/dev/secureApp/target/classes started by dev in /home/dev/secureApp)"}
{"@timestamp":"2025-08-11T19:45:22.979926412Z","level":"INFO","logger":"com.secureapp.SecureAppApplication","thread":"main","cid":"","msg":"No active profile set, falling back to 1 default profile: \"default\""}
{"@timestamp":"2025-08-11T19:45:23.398067919Z","level":"INFO","logger":"org.springframework.data.repository.config.RepositoryConfigurationDelegate","thread":"main","cid":"","msg":"Bootstrapping Spring Data JPA repositories in DEFAULT mode."}
{"@timestamp":"2025-08-11T19:45:23.486108454Z","level":"INFO","logger":"org.springframework.data.repository.config.RepositoryConfigurationDelegate","thread":"main","cid":"","msg":"Finished Spring Data repository scanning in 83 ms. Found 2 JPA repository interfaces."}
{"@timestamp":"2025-08-11T19:45:23.872385357Z","level":"INFO","logger":"org.springframework.boot.web.embedded.tomcat.TomcatWebServer","thread":"main","cid":"","msg":"Tomcat initialized with port 8080 (http)"}
{"@timestamp":"2025-08-11T19:45:23.879169384Z","level":"INFO","logger":"org.apache.coyote.http11.Http11NioProtocol","thread":"main","cid":"","msg":"Initializing ProtocolHandler [\"http-nio-8080\"]"}
{"@timestamp":"2025-08-11T19:45:23.88040403Z","level":"INFO","logger":"org.apache.catalina.core.StandardService","thread":"main","cid":"","msg":"Starting service [Tomcat]"}
{"@timestamp":"2025-08-11T19:45:23.880508137Z","level":"INFO","logger":"org.apache.catalina.core.StandardEngine","thread":"main","cid":"","msg":"Starting Servlet engine: [Apache Tomcat/10.1.26]"}
{"@timestamp":"2025-08-11T19:45:23.909055649Z","level":"INFO","logger":"org.apache.catalina.core.ContainerBase.[Tomcat].[localhost].[/]","thread":"main","cid":"","msg":"Initializing Spring embedded WebApplicationContext"}
{"@timestamp":"2025-08-11T19:45:23.909672741Z","level":"INFO","logger":"org.springframework.boot.web.servlet.context.ServletWebServerApplicationContext","thread":"main","cid":"","msg":"Root WebApplicationContext: initialization completed in 902 ms"}
{"@timestamp":"2025-08-11T19:45:23.932171862Z","level":"INFO","logger":"com.zaxxer.hikari.HikariDataSource","thread":"main","cid":"","msg":"HikariPool-1 - Starting..."}
{"@timestamp":"2025-08-11T19:45:24.050077478Z","level":"INFO","logger":"com.zaxxer.hikari.pool.HikariPool","thread":"main","cid":"","msg":"HikariPool-1 - Added connection conn0: url=jdbc:h2:mem:secure user=SA"}
{"@timestamp":"2025-08-11T19:45:24.051123718Z","level":"INFO","logger":"com.zaxxer.hikari.HikariDataSource","thread":"main","cid":"","msg":"HikariPool-1 - Start completed."}
{"@timestamp":"2025-08-11T19:45:24.059460012Z","level":"INFO","logger":"org.springframework.boot.autoconfigure.h2.H2ConsoleAutoConfiguration","thread":"main","cid":"","msg":"H2 console available at '/h2-console'. Database available at 'jdbc:h2:mem:secure'"}
{"@timestamp":"2025-08-11T19:45:24.155694721Z","level":"INFO","logger":"org.hibernate.jpa.internal.util.LogHelper","thread":"main","cid":"","msg":"HHH000204: Processing PersistenceUnitInfo [name: default]"}
{"@timestamp":"2025-08-11T19:45:24.18572634Z","level":"INFO","logger":"org.hibernate.Version","thread":"main","cid":"","msg":"HHH000412: Hibernate ORM core version 6.5.2.Final"}
{"@timestamp":"2025-08-11T19:45:24.205395441Z","level":"INFO","logger":"org.hibernate.cache.internal.RegionFactoryInitiator","thread":"main","cid":"","msg":"HHH000026: Second-level cache disabled"}
{"@timestamp":"2025-08-11T19:45:24.367531923Z","level":"INFO","logger":"org.springframework.orm.jpa.persistenceunit.SpringPersistenceUnitInfo","thread":"main","cid":"","msg":"No LoadTimeWeaver setup: ignoring JPA class transformer"}
{"@timestamp":"2025-08-11T19:45:24.926810434Z","level":"INFO","logger":"org.hibernate.engine.transaction.jta.platform.internal.JtaPlatformInitiator","thread":"main","cid":"","msg":"HHH000489: No JTA platform available (set 'hibernate.transaction.jta.platform' to enable JTA platform integration)"}
{"@timestamp":"2025-08-11T19:45:24.965322943Z","level":"INFO","logger":"org.springframework.orm.jpa.LocalContainerEntityManagerFactoryBean","thread":"main","cid":"","msg":"Initialized JPA EntityManagerFactory for persistence unit 'default'"}
{"@timestamp":"2025-08-11T19:45:25.571590694Z","level":"WARN","logger":"org.springframework.boot.autoconfigure.orm.jpa.JpaBaseConfiguration$JpaWebConfiguration","thread":"main","cid":"","msg":"spring.jpa.open-in-view is enabled by default. Therefore, database queries may be performed during view rendering. Explicitly configure spring.jpa.open-in-view to disable this warning"}
{"@timestamp":"2025-08-11T19:45:25.622577485Z","level":"INFO","logger":"org.springframework.security.config.annotation.authentication.configuration.InitializeUserDetailsBeanManagerConfigurer$InitializeUserDetailsManagerConfigurer","thread":"main","cid":"","msg":"Global AuthenticationManager configured with UserDetailsService bean with name userDetailsService"}
{"@timestamp":"2025-08-11T19:45:26.029311702Z","level":"INFO","logger":"org.springframework.graphql.execution.DefaultSchemaResourceGraphQlSourceBuilder","thread":"main","cid":"","msg":"Loaded 1 resource(s) in the GraphQL schema."}
{"@timestamp":"2025-08-11T19:45:26.178368969Z","level":"INFO","logger":"org.springframework.boot.autoconfigure.graphql.GraphQlAutoConfiguration","thread":"main","cid":"","msg":"GraphQL schema inspection:\n\tUnmapped fields: {}\n\tUnmapped registrations: {}\n\tUnmapped arguments: {}\n\tSkipped types: []"}
{"@timestamp":"2025-08-11T19:45:26.199981313Z","level":"INFO","logger":"org.springframework.boot.autoconfigure.graphql.servlet.GraphQlWebMvcAutoConfiguration","thread":"main","cid":"","msg":"GraphQL endpoint HTTP POST /graphql"}
{"@timestamp":"2025-08-11T19:45:26.423144755Z","level":"INFO","logger":"org.apache.coyote.http11.Http11NioProtocol","thread":"main","cid":"","msg":"Starting ProtocolHandler [\"http-nio-8080\"]"}
{"@timestamp":"2025-08-11T19:45:26.443467979Z","level":"INFO","logger":"org.springframework.boot.web.embedded.tomcat.TomcatWebServer","thread":"main","cid":"","msg":"Tomcat started on port 8080 (http) with context path '/'"}
{"@timestamp":"2025-08-11T19:45:26.449536247Z","level":"INFO","logger":"com.secureapp.SecureAppApplication","thread":"main","cid":"","msg":"Started SecureAppApplication in 3.909 seconds (process running for 4.11)"}
{"@timestamp":"2025-08-11T19:46:11.055491731Z","level":"INFO","logger":"org.apache.catalina.core.ContainerBase.[Tomcat].[localhost].[/]","thread":"http-nio-8080-exec-1","cid":"","msg":"Initializing Spring DispatcherServlet 'dispatcherServlet'"}
{"@timestamp":"2025-08-11T19:46:11.055758794Z","level":"INFO","logger":"org.springframework.web.servlet.DispatcherServlet","thread":"http-nio-8080-exec-1","cid":"","msg":"Initializing Servlet 'dispatcherServlet'"}
{"@timestamp":"2025-08-11T19:46:11.056644109Z","level":"INFO","logger":"org.springframework.web.servlet.DispatcherServlet","thread":"http-nio-8080-exec-1","cid":"","msg":"Completed initialization in 1 ms"}
{"@timestamp":"2025-08-11T19:47:34.601467834Z","level":"INFO","logger":"org.springframework.orm.jpa.LocalContainerEntityManagerFactoryBean","thread":"SpringApplicationShutdownHook","cid":"","msg":"Closing JPA EntityManagerFactory for persistence unit 'default'"}
{"@timestamp":"2025-08-11T19:47:34.602862294Z","level":"INFO","logger":"com.zaxxer.hikari.HikariDataSource","thread":"SpringApplicationShutdownHook","cid":"","msg":"HikariPool-1 - Shutdown initiated..."}
{"@timestamp":"2025-08-11T19:47:34.603910954Z","level":"INFO","logger":"com.zaxxer.hikari.HikariDataSource","thread":"SpringApplicationShutdownHook","cid":"","msg":"HikariPool-1 - Shutdown completed."}
